0 silly input [ 'dtslint' ]
1 silly flags {
1 silly flags   _: [ 'run' ],
1 silly flags   'reject-cycles': false,
1 silly flags   rejectCycles: false,
1 silly flags   script: 'dtslint',
1 silly flags   args: []
1 silly flags }
2 verbose rootPath /Users/work/Development/foundation/josh
3 info version 2.11.0
4 silly existsSync /Users/work/Development/foundation/josh/VERSION
5 silly initialize attempt
6 silly initialize success
7 silly execute attempt
8 silly runScriptInDir dtslint [] web3-bzz
9 silly getExecOpts { cwd: '/Users/work/Development/foundation/josh/packages/web3-bzz' }
10 silly runScriptInDir dtslint [] web3-utils
11 silly getExecOpts { cwd: '/Users/work/Development/foundation/josh/packages/web3-utils' }
12 silly runScriptInDir dtslint [] web3-eth-abi
13 silly getExecOpts {
13 silly getExecOpts   cwd: '/Users/work/Development/foundation/josh/packages/web3-eth-abi'
13 silly getExecOpts }
14 silly runScriptInDir dtslint [] web3-eth-iban
15 silly getExecOpts {
15 silly getExecOpts   cwd: '/Users/work/Development/foundation/josh/packages/web3-eth-iban'
15 silly getExecOpts }
16 silly runScriptInDir dtslint [] web3-core-helpers
17 silly getExecOpts {
17 silly getExecOpts   cwd: '/Users/work/Development/foundation/josh/packages/web3-core-helpers'
17 silly getExecOpts }
18 silly runScriptInDir dtslint [] web3-core-subscriptions
19 silly getExecOpts {
19 silly getExecOpts   cwd: '/Users/work/Development/foundation/josh/packages/web3-core-subscriptions'
19 silly getExecOpts }
20 silly runScriptInDir dtslint [] web3-providers-http
21 silly getExecOpts {
21 silly getExecOpts   cwd: '/Users/work/Development/foundation/josh/packages/web3-providers-http'
21 silly getExecOpts }
22 silly runScriptInDir dtslint [] web3-providers-ipc
23 silly getExecOpts {
23 silly getExecOpts   cwd: '/Users/work/Development/foundation/josh/packages/web3-providers-ipc'
23 silly getExecOpts }
24 silly runScriptInDir dtslint [] web3-providers-ws
25 silly getExecOpts {
25 silly getExecOpts   cwd: '/Users/work/Development/foundation/josh/packages/web3-providers-ws'
25 silly getExecOpts }
26 silly runScriptInDir dtslint [] web3-core-method
27 silly getExecOpts {
27 silly getExecOpts   cwd: '/Users/work/Development/foundation/josh/packages/web3-core-method'
27 silly getExecOpts }
28 silly runScriptInDir dtslint [] web3-core
29 silly getExecOpts { cwd: '/Users/work/Development/foundation/josh/packages/web3-core' }
30 silly runScriptInDir dtslint [] web3-eth-accounts
31 silly getExecOpts {
31 silly getExecOpts   cwd: '/Users/work/Development/foundation/josh/packages/web3-eth-accounts'
31 silly getExecOpts }
32 silly runScriptInDir dtslint [] web3-eth-contract
33 silly getExecOpts {
33 silly getExecOpts   cwd: '/Users/work/Development/foundation/josh/packages/web3-eth-contract'
33 silly getExecOpts }
34 silly runScriptInDir dtslint [] web3-net
35 silly getExecOpts { cwd: '/Users/work/Development/foundation/josh/packages/web3-net' }
36 silly runScriptInDir dtslint [] web3-eth-ens
37 silly getExecOpts {
37 silly getExecOpts   cwd: '/Users/work/Development/foundation/josh/packages/web3-eth-ens'
37 silly getExecOpts }
38 silly runScriptInDir dtslint [] web3-eth-personal
39 silly getExecOpts {
39 silly getExecOpts   cwd: '/Users/work/Development/foundation/josh/packages/web3-eth-personal'
39 silly getExecOpts }
40 silly runScriptInDir dtslint [] web3-shh
41 silly getExecOpts { cwd: '/Users/work/Development/foundation/josh/packages/web3-shh' }
42 silly runScriptInDir dtslint [] web3-eth
43 silly getExecOpts { cwd: '/Users/work/Development/foundation/josh/packages/web3-eth' }
44 error dtslint Errored while running script in 'web3-eth'
45 error execute callback with error
46 error Error: Command failed: npm run dtslint
46 error Error: /Users/work/Development/foundation/josh/packages/web3-eth/types/tests/eth.tests.ts:44:5
46 error ERROR: 44:5  expect  TypeScript@next compile error:
46 error Property 'extend' does not exist on type 'Eth'.
46 error
46 error     at /Users/work/Development/foundation/josh/packages/web3-eth/node_modules/dtslint/bin/index.js:163:19
46 error     at Generator.next (<anonymous>)
46 error     at fulfilled (/Users/work/Development/foundation/josh/packages/web3-eth/node_modules/dtslint/bin/index.js:5:58)
46 error npm ERR! code ELIFECYCLE
46 error npm ERR! errno 1
46 error npm ERR! web3-eth@1.2.1 dtslint: `dtslint types --onlyTestTsNext`
46 error npm ERR! Exit status 1
46 error npm ERR!
46 error npm ERR! Failed at the web3-eth@1.2.1 dtslint script.
46 error npm ERR! This is probably not a problem with npm. There is likely additional logging output above.
46 error
46 error npm ERR! A complete log of this run can be found in:
46 error npm ERR!     /Users/work/.npm/_logs/2019-10-16T09_56_52_575Z-debug.log
46 error
46 error > web3-eth@1.2.1 dtslint /Users/work/Development/foundation/josh/packages/web3-eth
46 error > dtslint types --onlyTestTsNext
46 error
46 error
46 error     at /Users/work/Development/foundation/josh/node_modules/execa/index.js:236:11
